<?xml version="1.0" encoding="UTF-8"?>
<!-- Generated by org.testng.reporters.JUnitReportReporter -->
<testsuite skipped="0" hostname="munira-pc" name="com.facebook.qa.testcases.LoginPageTest" tests="2" failures="0" timestamp="08 Jun 2018 06:44:54 GMT" time="14.277" errors="0">
  <testcase name="loginPageTitleTest" time="5.925" classname="com.facebook.qa.testcases.LoginPageTest"/>
  <testcase name="loginWithValidDataTest" time="8.352" classname="com.facebook.qa.testcases.LoginPageTest"/>
</testsuite> <!-- com.facebook.qa.testcases.LoginPageTest -->
