<?xml version="1.0" encoding="UTF-8"?>
<!-- Generated by org.testng.reporters.JUnitReportReporter -->
<testsuite skipped="0" hostname="munira-pc" name="com.facebook.qa.testcases.HomePageTest" tests="2" failures="0" timestamp="08 Jun 2018 06:44:54 GMT" time="20.574" errors="0">
  <testcase name="verifyHomePageTitleTest" time="10.830" classname="com.facebook.qa.testcases.HomePageTest"/>
  <testcase name="clickOnProfileLinkTest" time="9.744" classname="com.facebook.qa.testcases.HomePageTest"/>
</testsuite> <!-- com.facebook.qa.testcases.HomePageTest -->
